<?xml version="1.0" encoding="UTF-8"?>
<!-- Generated by org.testng.reporters.JUnitXMLReporter -->
<testsuite hostname="MacBook-Pro-4.local" ignored="2" name="Login" tests="2" failures="0" timestamp="21 Mar 2021 01:52:16 GMT" time="68.49" errors="0">
  <testcase name="login" time="29.1" classname="test.java.TestCases.StartGame"/>
  <testcase name="ChooseBattleField" time="37.38" classname="test.java.TestCases.ChooseBattleField"/>
  <testcase name="@BeforeSuite setUp" time="0.0" classname="test.java.TestCases.TestBase">
    <ignored/>
  </testcase> <!-- @BeforeSuite setUp -->
  <testcase name="@AfterSuite tearDown" time="0.0" classname="test.java.TestCases.TestBase">
    <ignored/>
  </testcase> <!-- @AfterSuite tearDown -->
</testsuite> <!-- Login -->
